<?xml version="1.0" encoding="UTF-8"?>
<!-- Generated by org.testng.reporters.JUnitReportReporter -->
<testsuite skipped="0" hostname="Amruthas-MacBook-Air.local" name="com.datadriven.HalfEbayTest" tests="6" failures="0" timestamp="17 Nov 2019 02:17:51 GMT" time="18.978" errors="0">
  <testcase name="testMethodB" time="3.145" classname="com.datadriven.HalfEbayTest"/>
  <testcase name="testMethodB" time="3.154" classname="com.datadriven.HalfEbayTest"/>
  <testcase name="testMethodB" time="3.155" classname="com.datadriven.HalfEbayTest"/>
  <testcase name="testMethodA" time="3.134" classname="com.datadriven.HalfEbayTest"/>
  <testcase name="testMethodA" time="3.244" classname="com.datadriven.HalfEbayTest"/>
  <testcase name="testMethodA" time="3.146" classname="com.datadriven.HalfEbayTest"/>
</testsuite> <!-- com.datadriven.HalfEbayTest -->
