<?xml version="1.0" encoding="UTF-8"?>
<!-- Generated by org.testng.reporters.JUnitReportReporter -->
<testsuite skipped="0" hostname="Amruthas-MacBook-Air.local" name="com.TestNg.test.TestNgFeatures" tests="1" failures="0" timestamp="18 Oct 2019 06:25:12 GMT" time="0.007" errors="0">
  <testcase name="loginTest" time="0.007" classname="com.TestNg.test.TestNgFeatures"/>
</testsuite> <!-- com.TestNg.test.TestNgFeatures -->
