<?xml version="1.0" encoding="UTF-8"?>
<!-- Generated by org.testng.reporters.JUnitReportReporter -->
<testsuite skipped="0" hostname="Amruthas-MacBook-Air.local" name="com.TestNg.test.InvocationCountTest" tests="10" failures="0" timestamp="18 Oct 2019 06:25:12 GMT" time="0.036" errors="0">
  <testcase name="sum" time="0.001" classname="com.TestNg.test.InvocationCountTest"/>
  <testcase name="sum" time="0.002" classname="com.TestNg.test.InvocationCountTest"/>
  <testcase name="sum" time="0.001" classname="com.TestNg.test.InvocationCountTest"/>
  <testcase name="sum" time="0.001" classname="com.TestNg.test.InvocationCountTest"/>
  <testcase name="sum" time="0.014" classname="com.TestNg.test.InvocationCountTest"/>
  <testcase name="sum" time="0.001" classname="com.TestNg.test.InvocationCountTest"/>
  <testcase name="sum" time="0.001" classname="com.TestNg.test.InvocationCountTest"/>
  <testcase name="sum" time="0.007" classname="com.TestNg.test.InvocationCountTest"/>
  <testcase name="sum" time="0.001" classname="com.TestNg.test.InvocationCountTest"/>
  <testcase name="sum" time="0.007" classname="com.TestNg.test.InvocationCountTest"/>
</testsuite> <!-- com.TestNg.test.InvocationCountTest -->
