<?xml version="1.0" encoding="UTF-8"?>
<!-- Generated by org.testng.reporters.JUnitReportReporter -->
<testsuite skipped="0" hostname="Amruthas-MacBook-Air.local" name="com.TestNg.test.GoogleTilteTest" tests="2" failures="0" timestamp="18 Oct 2019 06:25:12 GMT" time="0.129" errors="0">
  <testcase name="googleTitleTest" time="0.042" classname="com.TestNg.test.GoogleTilteTest"/>
  <testcase name="googleLogoTest" time="0.087" classname="com.TestNg.test.GoogleTilteTest"/>
</testsuite> <!-- com.TestNg.test.GoogleTilteTest -->
