<?xml version="1.0" encoding="UTF-8"?>
<!-- Generated by org.testng.reporters.JUnitReportReporter -->
<testsuite skipped="0" hostname="Amruthas-MacBook-Air.local" name="com.TestNg.test.TestNgBasics" tests="6" failures="0" timestamp="18 Oct 2019 04:43:57 GMT" time="0.171" errors="0">
  <testcase name="googleTitleTest" time="0.020" classname="com.TestNg.test.TestNgBasics"/>
  <testcase name="mailLinkTest" time="0.094" classname="com.TestNg.test.TestNgBasics"/>
  <testcase name="googleLogoTest" time="0.045" classname="com.TestNg.test.TestNgBasics"/>
  <testcase name="test1" time="0.002" classname="com.TestNg.test.TestNgBasics"/>
  <testcase name="test2" time="0.006" classname="com.TestNg.test.TestNgBasics"/>
  <testcase name="test3" time="0.004" classname="com.TestNg.test.TestNgBasics"/>
</testsuite> <!-- com.TestNg.test.TestNgBasics -->
